2013/02/20 10:33:45 [error] [php] Undefined variable: content (C:\xampp\htdocs\personal\protected\views\site\index.php:2)
Stack trace:
#0 C:\xampp\htdocs\personal\yii\web\CController.php(869): SiteController->renderFile()
#1 C:\xampp\htdocs\personal\yii\web\CController.php(782): SiteController->renderPartial()
#2 C:\xampp\htdocs\personal\protected\controllers\SiteController.php(32): SiteController->render()
#3 C:\xampp\htdocs\personal\yii\web\actions\CInlineAction.php(49): SiteController->actionIndex()
#4 C:\xampp\htdocs\personal\yii\web\CController.php(308): CInlineAction->runWithParams()
#5 C:\xampp\htdocs\personal\yii\web\CController.php(286): SiteController->runAction()
#6 C:\xampp\htdocs\personal\yii\web\CController.php(265): SiteController->runActionWithFilters()
#7 C:\xampp\htdocs\personal\yii\web\CWebApplication.php(282): SiteController->run()
#8 C:\xampp\htdocs\personal\yii\web\CWebApplication.php(141): CWebApplication->runController()
#9 C:\xampp\htdocs\personal\yii\base\CApplication.php(169): CWebApplication->processRequest()
#10 C:\xampp\htdocs\personal\index.php(13): CWebApplication->run()
REQUEST_URI=/personal/
in C:\xampp\htdocs\personal\protected\views\site\index.php (2)
in C:\xampp\htdocs\personal\protected\controllers\SiteController.php (32)
in C:\xampp\htdocs\personal\index.php (13)
2013/02/20 10:33:45 [error] [php] Undefined variable: content (C:\xampp\htdocs\personal\protected\views\site\index.php:2)
Stack trace:
#0 C:\xampp\htdocs\personal\yii\web\CController.php(869): SiteController->renderFile()
#1 C:\xampp\htdocs\personal\yii\web\CController.php(782): SiteController->renderPartial()
#2 C:\xampp\htdocs\personal\protected\controllers\SiteController.php(32): SiteController->render()
#3 C:\xampp\htdocs\personal\yii\web\actions\CInlineAction.php(49): SiteController->actionIndex()
#4 C:\xampp\htdocs\personal\yii\web\CController.php(308): CInlineAction->runWithParams()
#5 C:\xampp\htdocs\personal\yii\web\CController.php(286): SiteController->runAction()
#6 C:\xampp\htdocs\personal\yii\web\CController.php(265): SiteController->runActionWithFilters()
#7 C:\xampp\htdocs\personal\yii\web\CWebApplication.php(282): SiteController->run()
#8 C:\xampp\htdocs\personal\yii\web\CWebApplication.php(141): CWebApplication->runController()
#9 C:\xampp\htdocs\personal\yii\base\CApplication.php(169): CWebApplication->processRequest()
#10 C:\xampp\htdocs\personal\index.php(13): CWebApplication->run()
REQUEST_URI=/personal/
in C:\xampp\htdocs\personal\protected\views\site\index.php (2)
in C:\xampp\htdocs\personal\protected\controllers\SiteController.php (32)
in C:\xampp\htdocs\personal\index.php (13)
2013/02/20 10:34:14 [error] [php] Undefined variable: content (C:\xampp\htdocs\personal\protected\views\site\index.php:2)
Stack trace:
#0 C:\xampp\htdocs\personal\yii\web\CController.php(869): SiteController->renderFile()
#1 C:\xampp\htdocs\personal\yii\web\CController.php(782): SiteController->renderPartial()
#2 C:\xampp\htdocs\personal\protected\controllers\SiteController.php(32): SiteController->render()
#3 C:\xampp\htdocs\personal\yii\web\actions\CInlineAction.php(49): SiteController->actionIndex()
#4 C:\xampp\htdocs\personal\yii\web\CController.php(308): CInlineAction->runWithParams()
#5 C:\xampp\htdocs\personal\yii\web\CController.php(286): SiteController->runAction()
#6 C:\xampp\htdocs\personal\yii\web\CController.php(265): SiteController->runActionWithFilters()
#7 C:\xampp\htdocs\personal\yii\web\CWebApplication.php(282): SiteController->run()
#8 C:\xampp\htdocs\personal\yii\web\CWebApplication.php(141): CWebApplication->runController()
#9 C:\xampp\htdocs\personal\yii\base\CApplication.php(169): CWebApplication->processRequest()
#10 C:\xampp\htdocs\personal\index.php(13): CWebApplication->run()
REQUEST_URI=/personal/
in C:\xampp\htdocs\personal\protected\views\site\index.php (2)
in C:\xampp\htdocs\personal\protected\controllers\SiteController.php (32)
in C:\xampp\htdocs\personal\index.php (13)
2013/02/20 10:34:15 [error] [php] Undefined variable: content (C:\xampp\htdocs\personal\protected\views\site\index.php:2)
Stack trace:
#0 C:\xampp\htdocs\personal\yii\web\CController.php(869): SiteController->renderFile()
#1 C:\xampp\htdocs\personal\yii\web\CController.php(782): SiteController->renderPartial()
#2 C:\xampp\htdocs\personal\protected\controllers\SiteController.php(32): SiteController->render()
#3 C:\xampp\htdocs\personal\yii\web\actions\CInlineAction.php(49): SiteController->actionIndex()
#4 C:\xampp\htdocs\personal\yii\web\CController.php(308): CInlineAction->runWithParams()
#5 C:\xampp\htdocs\personal\yii\web\CController.php(286): SiteController->runAction()
#6 C:\xampp\htdocs\personal\yii\web\CController.php(265): SiteController->runActionWithFilters()
#7 C:\xampp\htdocs\personal\yii\web\CWebApplication.php(282): SiteController->run()
#8 C:\xampp\htdocs\personal\yii\web\CWebApplication.php(141): CWebApplication->runController()
#9 C:\xampp\htdocs\personal\yii\base\CApplication.php(169): CWebApplication->processRequest()
#10 C:\xampp\htdocs\personal\index.php(13): CWebApplication->run()
REQUEST_URI=/personal/
in C:\xampp\htdocs\personal\protected\views\site\index.php (2)
in C:\xampp\htdocs\personal\protected\controllers\SiteController.php (32)
in C:\xampp\htdocs\personal\index.php (13)
2013/02/20 10:34:38 [error] [php] Undefined variable: content (C:\xampp\htdocs\personal\protected\views\site\index.php:2)
Stack trace:
#0 C:\xampp\htdocs\personal\yii\web\CController.php(869): SiteController->renderFile()
#1 C:\xampp\htdocs\personal\yii\web\CController.php(782): SiteController->renderPartial()
#2 C:\xampp\htdocs\personal\protected\controllers\SiteController.php(32): SiteController->render()
#3 C:\xampp\htdocs\personal\yii\web\actions\CInlineAction.php(49): SiteController->actionIndex()
#4 C:\xampp\htdocs\personal\yii\web\CController.php(308): CInlineAction->runWithParams()
#5 C:\xampp\htdocs\personal\yii\web\CController.php(286): SiteController->runAction()
#6 C:\xampp\htdocs\personal\yii\web\CController.php(265): SiteController->runActionWithFilters()
#7 C:\xampp\htdocs\personal\yii\web\CWebApplication.php(282): SiteController->run()
#8 C:\xampp\htdocs\personal\yii\web\CWebApplication.php(141): CWebApplication->runController()
#9 C:\xampp\htdocs\personal\yii\base\CApplication.php(169): CWebApplication->processRequest()
#10 C:\xampp\htdocs\personal\index.php(13): CWebApplication->run()
REQUEST_URI=/personal/
in C:\xampp\htdocs\personal\protected\views\site\index.php (2)
in C:\xampp\htdocs\personal\protected\controllers\SiteController.php (32)
in C:\xampp\htdocs\personal\index.php (13)
2013/02/20 10:34:39 [error] [php] Undefined variable: content (C:\xampp\htdocs\personal\protected\views\site\index.php:2)
Stack trace:
#0 C:\xampp\htdocs\personal\yii\web\CController.php(869): SiteController->renderFile()
#1 C:\xampp\htdocs\personal\yii\web\CController.php(782): SiteController->renderPartial()
#2 C:\xampp\htdocs\personal\protected\controllers\SiteController.php(32): SiteController->render()
#3 C:\xampp\htdocs\personal\yii\web\actions\CInlineAction.php(49): SiteController->actionIndex()
#4 C:\xampp\htdocs\personal\yii\web\CController.php(308): CInlineAction->runWithParams()
#5 C:\xampp\htdocs\personal\yii\web\CController.php(286): SiteController->runAction()
#6 C:\xampp\htdocs\personal\yii\web\CController.php(265): SiteController->runActionWithFilters()
#7 C:\xampp\htdocs\personal\yii\web\CWebApplication.php(282): SiteController->run()
#8 C:\xampp\htdocs\personal\yii\web\CWebApplication.php(141): CWebApplication->runController()
#9 C:\xampp\htdocs\personal\yii\base\CApplication.php(169): CWebApplication->processRequest()
#10 C:\xampp\htdocs\personal\index.php(13): CWebApplication->run()
REQUEST_URI=/personal/
in C:\xampp\htdocs\personal\protected\views\site\index.php (2)
in C:\xampp\htdocs\personal\protected\controllers\SiteController.php (32)
in C:\xampp\htdocs\personal\index.php (13)
2013/02/20 10:35:54 [error] [php] Undefined variable: content (C:\xampp\htdocs\personal\protected\views\site\index.php:2)
Stack trace:
#0 C:\xampp\htdocs\personal\yii\web\CController.php(869): SiteController->renderFile()
#1 C:\xampp\htdocs\personal\yii\web\CController.php(782): SiteController->renderPartial()
#2 C:\xampp\htdocs\personal\protected\controllers\SiteController.php(32): SiteController->render()
#3 C:\xampp\htdocs\personal\yii\web\actions\CInlineAction.php(49): SiteController->actionIndex()
#4 C:\xampp\htdocs\personal\yii\web\CController.php(308): CInlineAction->runWithParams()
#5 C:\xampp\htdocs\personal\yii\web\CController.php(286): SiteController->runAction()
#6 C:\xampp\htdocs\personal\yii\web\CController.php(265): SiteController->runActionWithFilters()
#7 C:\xampp\htdocs\personal\yii\web\CWebApplication.php(282): SiteController->run()
#8 C:\xampp\htdocs\personal\yii\web\CWebApplication.php(141): CWebApplication->runController()
#9 C:\xampp\htdocs\personal\yii\base\CApplication.php(169): CWebApplication->processRequest()
#10 C:\xampp\htdocs\personal\index.php(13): CWebApplication->run()
REQUEST_URI=/personal/
in C:\xampp\htdocs\personal\protected\views\site\index.php (2)
in C:\xampp\htdocs\personal\protected\controllers\SiteController.php (32)
in C:\xampp\htdocs\personal\index.php (13)
2013/02/20 10:35:54 [error] [php] Undefined variable: content (C:\xampp\htdocs\personal\protected\views\site\index.php:2)
Stack trace:
#0 C:\xampp\htdocs\personal\yii\web\CController.php(869): SiteController->renderFile()
#1 C:\xampp\htdocs\personal\yii\web\CController.php(782): SiteController->renderPartial()
#2 C:\xampp\htdocs\personal\protected\controllers\SiteController.php(32): SiteController->render()
#3 C:\xampp\htdocs\personal\yii\web\actions\CInlineAction.php(49): SiteController->actionIndex()
#4 C:\xampp\htdocs\personal\yii\web\CController.php(308): CInlineAction->runWithParams()
#5 C:\xampp\htdocs\personal\yii\web\CController.php(286): SiteController->runAction()
#6 C:\xampp\htdocs\personal\yii\web\CController.php(265): SiteController->runActionWithFilters()
#7 C:\xampp\htdocs\personal\yii\web\CWebApplication.php(282): SiteController->run()
#8 C:\xampp\htdocs\personal\yii\web\CWebApplication.php(141): CWebApplication->runController()
#9 C:\xampp\htdocs\personal\yii\base\CApplication.php(169): CWebApplication->processRequest()
#10 C:\xampp\htdocs\personal\index.php(13): CWebApplication->run()
REQUEST_URI=/personal/
in C:\xampp\htdocs\personal\protected\views\site\index.php (2)
in C:\xampp\htdocs\personal\protected\controllers\SiteController.php (32)
in C:\xampp\htdocs\personal\index.php (13)
2013/02/20 10:39:26 [error] [php] Undefined variable: model (C:\xampp\htdocs\personal\protected\views\modules\contacts.php:18)
Stack trace:
#0 C:\xampp\htdocs\personal\yii\web\widgets\CContentDecorator.php(76): SiteController->renderFile()
#1 C:\xampp\htdocs\personal\yii\web\widgets\CContentDecorator.php(54): CContentDecorator->decorate()
#2 C:\xampp\htdocs\personal\yii\web\widgets\COutputProcessor.php(44): CContentDecorator->processOutput()
#3 C:\xampp\htdocs\personal\yii\web\CBaseController.php(206): CContentDecorator->run()
#4 C:\xampp\htdocs\personal\yii\web\CBaseController.php(300): SiteController->endWidget()
#5 C:\xampp\htdocs\personal\protected\views\layouts\main.php(91): SiteController->endContent()
#6 C:\xampp\htdocs\personal\yii\web\CBaseController.php(126): require()
#7 C:\xampp\htdocs\personal\yii\web\CBaseController.php(95): SiteController->renderInternal()
#8 C:\xampp\htdocs\personal\yii\web\CController.php(784): SiteController->renderFile()
#9 C:\xampp\htdocs\personal\protected\controllers\SiteController.php(33): SiteController->render()
#10 C:\xampp\htdocs\personal\yii\web\actions\CInlineAction.php(49): SiteController->actionIndex()
#11 C:\xampp\htdocs\personal\yii\web\CController.php(308): CInlineAction->runWithParams()
#12 C:\xampp\htdocs\personal\yii\web\CController.php(286): SiteController->runAction()
#13 C:\xampp\htdocs\personal\yii\web\CController.php(265): SiteController->runActionWithFilters()
#14 C:\xampp\htdocs\personal\yii\web\CWebApplication.php(282): SiteController->run()
#15 C:\xampp\htdocs\personal\yii\web\CWebApplication.php(141): CWebApplication->runController()
#16 C:\xampp\htdocs\personal\yii\base\CApplication.php(169): CWebApplication->processRequest()
#17 C:\xampp\htdocs\personal\index.php(13): CWebApplication->run()
REQUEST_URI=/personal/
in C:\xampp\htdocs\personal\protected\views\modules\contacts.php (18)
in C:\xampp\htdocs\personal\protected\views\layouts\main.php (91)
in C:\xampp\htdocs\personal\protected\controllers\SiteController.php (33)
2013/02/20 10:39:26 [error] [php] Undefined variable: model (C:\xampp\htdocs\personal\protected\views\modules\contacts.php:18)
Stack trace:
#0 C:\xampp\htdocs\personal\yii\web\widgets\CContentDecorator.php(76): SiteController->renderFile()
#1 C:\xampp\htdocs\personal\yii\web\widgets\CContentDecorator.php(54): CContentDecorator->decorate()
#2 C:\xampp\htdocs\personal\yii\web\widgets\COutputProcessor.php(44): CContentDecorator->processOutput()
#3 C:\xampp\htdocs\personal\yii\web\CBaseController.php(206): CContentDecorator->run()
#4 C:\xampp\htdocs\personal\yii\web\CBaseController.php(300): SiteController->endWidget()
#5 C:\xampp\htdocs\personal\protected\views\layouts\main.php(91): SiteController->endContent()
#6 C:\xampp\htdocs\personal\yii\web\CBaseController.php(126): require()
#7 C:\xampp\htdocs\personal\yii\web\CBaseController.php(95): SiteController->renderInternal()
#8 C:\xampp\htdocs\personal\yii\web\CController.php(784): SiteController->renderFile()
#9 C:\xampp\htdocs\personal\protected\controllers\SiteController.php(33): SiteController->render()
#10 C:\xampp\htdocs\personal\yii\web\actions\CInlineAction.php(49): SiteController->actionIndex()
#11 C:\xampp\htdocs\personal\yii\web\CController.php(308): CInlineAction->runWithParams()
#12 C:\xampp\htdocs\personal\yii\web\CController.php(286): SiteController->runAction()
#13 C:\xampp\htdocs\personal\yii\web\CController.php(265): SiteController->runActionWithFilters()
#14 C:\xampp\htdocs\personal\yii\web\CWebApplication.php(282): SiteController->run()
#15 C:\xampp\htdocs\personal\yii\web\CWebApplication.php(141): CWebApplication->runController()
#16 C:\xampp\htdocs\personal\yii\base\CApplication.php(169): CWebApplication->processRequest()
#17 C:\xampp\htdocs\personal\index.php(13): CWebApplication->run()
REQUEST_URI=/personal/
in C:\xampp\htdocs\personal\protected\views\modules\contacts.php (18)
in C:\xampp\htdocs\personal\protected\views\layouts\main.php (91)
in C:\xampp\htdocs\personal\protected\controllers\SiteController.php (33)
2013/02/20 12:46:07 [error] [exception.CHttpException.404] exception 'CHttpException' with message 'Unable to resolve the request "gii".' in C:\xampp\htdocs\personal\yii\web\CWebApplication.php:286
Stack trace:
#0 C:\xampp\htdocs\personal\yii\web\CWebApplication.php(141): CWebApplication->runController('gii')
#1 C:\xampp\htdocs\personal\yii\base\CApplication.php(169): CWebApplication->processRequest()
#2 C:\xampp\htdocs\personal\index.php(13): CApplication->run()
#3 {main}
REQUEST_URI=/personal/index.php?r=gii
---
2013/02/20 12:46:12 [error] [exception.CHttpException.404] exception 'CHttpException' with message 'Unable to resolve the request "gii".' in C:\xampp\htdocs\personal\yii\web\CWebApplication.php:286
Stack trace:
#0 C:\xampp\htdocs\personal\yii\web\CWebApplication.php(141): CWebApplication->runController('gii')
#1 C:\xampp\htdocs\personal\yii\base\CApplication.php(169): CWebApplication->processRequest()
#2 C:\xampp\htdocs\personal\index.php(13): CApplication->run()
#3 {main}
REQUEST_URI=/personal/index.php?r=gii
HTTP_REFERER=http://localhost/personal/index.php?r=gii
---
2013/02/20 13:08:00 [error] [php] Non-static method CActiveRecord::findAll() should not be called statically, assuming $this from incompatible context (C:\xampp\htdocs\personal\protected\components\Controller.php:27)
Stack trace:
#0 C:\xampp\htdocs\personal\yii\web\CController.php(265): SiteController->runActionWithFilters()
#1 C:\xampp\htdocs\personal\yii\web\CWebApplication.php(282): SiteController->run()
#2 C:\xampp\htdocs\personal\yii\web\CWebApplication.php(141): CWebApplication->runController()
#3 C:\xampp\htdocs\personal\yii\base\CApplication.php(169): CWebApplication->processRequest()
#4 C:\xampp\htdocs\personal\index.php(13): CWebApplication->run()
REQUEST_URI=/personal/
in C:\xampp\htdocs\personal\protected\components\Controller.php (27)
in C:\xampp\htdocs\personal\index.php (13)
2013/02/20 13:08:02 [error] [php] Non-static method CActiveRecord::findAll() should not be called statically, assuming $this from incompatible context (C:\xampp\htdocs\personal\protected\components\Controller.php:27)
Stack trace:
#0 C:\xampp\htdocs\personal\yii\web\CController.php(265): SiteController->runActionWithFilters()
#1 C:\xampp\htdocs\personal\yii\web\CWebApplication.php(282): SiteController->run()
#2 C:\xampp\htdocs\personal\yii\web\CWebApplication.php(141): CWebApplication->runController()
#3 C:\xampp\htdocs\personal\yii\base\CApplication.php(169): CWebApplication->processRequest()
#4 C:\xampp\htdocs\personal\index.php(13): CWebApplication->run()
REQUEST_URI=/personal/
in C:\xampp\htdocs\personal\protected\components\Controller.php (27)
in C:\xampp\htdocs\personal\index.php (13)
2013/02/21 10:12:28 [error] [php] Undefined variable: model (C:\xampp\htdocs\personal\protected\controllers\SiteController.php:34)
Stack trace:
#0 C:\xampp\htdocs\personal\yii\web\CController.php(286): SiteController->runAction()
#1 C:\xampp\htdocs\personal\yii\web\CController.php(265): SiteController->runActionWithFilters()
#2 C:\xampp\htdocs\personal\yii\web\CWebApplication.php(282): SiteController->run()
#3 C:\xampp\htdocs\personal\yii\web\CWebApplication.php(141): CWebApplication->runController()
#4 C:\xampp\htdocs\personal\yii\base\CApplication.php(169): CWebApplication->processRequest()
#5 C:\xampp\htdocs\personal\index.php(13): CWebApplication->run()
REQUEST_URI=/personal/
in C:\xampp\htdocs\personal\protected\controllers\SiteController.php (34)
in C:\xampp\htdocs\personal\index.php (13)
2013/02/21 10:12:30 [error] [php] Undefined variable: model (C:\xampp\htdocs\personal\protected\controllers\SiteController.php:34)
Stack trace:
#0 C:\xampp\htdocs\personal\yii\web\CController.php(286): SiteController->runAction()
#1 C:\xampp\htdocs\personal\yii\web\CController.php(265): SiteController->runActionWithFilters()
#2 C:\xampp\htdocs\personal\yii\web\CWebApplication.php(282): SiteController->run()
#3 C:\xampp\htdocs\personal\yii\web\CWebApplication.php(141): CWebApplication->runController()
#4 C:\xampp\htdocs\personal\yii\base\CApplication.php(169): CWebApplication->processRequest()
#5 C:\xampp\htdocs\personal\index.php(13): CWebApplication->run()
REQUEST_URI=/personal/
in C:\xampp\htdocs\personal\protected\controllers\SiteController.php (34)
in C:\xampp\htdocs\personal\index.php (13)
2013/02/21 10:12:36 [error] [php] Undefined variable: model (C:\xampp\htdocs\personal\protected\controllers\SiteController.php:34)
Stack trace:
#0 C:\xampp\htdocs\personal\yii\web\CController.php(286): SiteController->runAction()
#1 C:\xampp\htdocs\personal\yii\web\CController.php(265): SiteController->runActionWithFilters()
#2 C:\xampp\htdocs\personal\yii\web\CWebApplication.php(282): SiteController->run()
#3 C:\xampp\htdocs\personal\yii\web\CWebApplication.php(141): CWebApplication->runController()
#4 C:\xampp\htdocs\personal\yii\base\CApplication.php(169): CWebApplication->processRequest()
#5 C:\xampp\htdocs\personal\index.php(13): CWebApplication->run()
REQUEST_URI=/personal/
in C:\xampp\htdocs\personal\protected\controllers\SiteController.php (34)
in C:\xampp\htdocs\personal\index.php (13)
2013/02/21 10:12:47 [error] [php] Undefined variable: model (C:\xampp\htdocs\personal\protected\controllers\SiteController.php:34)
Stack trace:
#0 C:\xampp\htdocs\personal\yii\web\CController.php(286): SiteController->runAction()
#1 C:\xampp\htdocs\personal\yii\web\CController.php(265): SiteController->runActionWithFilters()
#2 C:\xampp\htdocs\personal\yii\web\CWebApplication.php(282): SiteController->run()
#3 C:\xampp\htdocs\personal\yii\web\CWebApplication.php(141): CWebApplication->runController()
#4 C:\xampp\htdocs\personal\yii\base\CApplication.php(169): CWebApplication->processRequest()
#5 C:\xampp\htdocs\personal\index.php(13): CWebApplication->run()
REQUEST_URI=/personal/
in C:\xampp\htdocs\personal\protected\controllers\SiteController.php (34)
in C:\xampp\htdocs\personal\index.php (13)
